<?xml version="1.0" encoding="UTF-8"?>
<testng-results skipped="0" failed="0" ignored="0" total="1" passed="1">
  <reporter-output>
  </reporter-output>
  <suite name="Suite" duration-ms="21593" started-at="2020-09-30T07:21:48Z" finished-at="2020-09-30T07:22:10Z">
    <groups>
    </groups>
    <test name="Test" duration-ms="21593" started-at="2020-09-30T07:21:48Z" finished-at="2020-09-30T07:22:10Z">
      <class name="com.atmecs.phptravels.testscripts.ChatTest">
        <test-method status="PASS" signature="invokeBrowser()[pri:0, instance:com.atmecs.phptravels.testscripts.ChatTest@5e3a8624]" name="invokeBrowser" is-config="true" duration-ms="10843" started-at="2020-09-30T07:21:49Z" finished-at="2020-09-30T07:22:00Z">
          <reporter-output>
          </reporter-output>
        </test-method> <!-- invokeBrowser -->
        <test-method status="PASS" signature="Chat(java.lang.String, java.lang.String, java.lang.String)[pri:0, instance:com.atmecs.phptravels.testscripts.ChatTest@5e3a8624]" name="Chat" duration-ms="9606" started-at="2020-09-30T07:22:00Z" data-provider="Data" finished-at="2020-09-30T07:22:10Z">
          <params>
            <param index="0">
              <value>
                <![CDATA[Anshika]]>
              </value>
            </param>
            <param index="1">
              <value>
                <![CDATA[abc@gmail.com]]>
              </value>
            </param>
            <param index="2">
              <value>
                <![CDATA[7060456197']]>
              </value>
            </param>
          </params>
          <reporter-output>
          </reporter-output>
        </test-method> <!-- Chat -->
        <test-method status="PASS" signature="closeBrowser()[pri:0, instance:com.atmecs.phptravels.testscripts.ChatTest@5e3a8624]" name="closeBrowser" is-config="true" duration-ms="358" started-at="2020-09-30T07:22:10Z" finished-at="2020-09-30T07:22:10Z">
          <reporter-output>
          </reporter-output>
        </test-method> <!-- closeBrowser -->
      </class> <!-- com.atmecs.phptravels.testscripts.ChatTest -->
    </test> <!-- Test -->
  </suite> <!-- Suite -->
</testng-results>
